<?xml version="1.0" encoding="UTF-8"?>
<!-- Generated by org.testng.reporters.JUnitReportReporter -->
<testsuite hostname="LAPTOP-IPOP83AA" failures="0" tests="2" name="com.sellabspractice.TestNgProg2" time="0.064" errors="0" timestamp="2022-06-12T21:21:46 IST" skipped="0">
  <testcase classname="com.sellabspractice.TestNgProg2" name="F" time="0.051"/>
  <system-out/>
  <testcase classname="com.sellabspractice.TestNgProg2" name="G" time="0.013"/>
  <system-out/>
</testsuite> <!-- com.sellabspractice.TestNgProg2 -->
