<?xml version="1.0" encoding="UTF-8"?>
<!-- Generated by org.testng.reporters.JUnitReportReporter -->
<testsuite hostname="LAPTOP-IPOP83AA" failures="0" tests="1" name="com.sellabspractice.ParameterProg" time="0.055" errors="0" timestamp="2022-06-13T13:18:10 IST" skipped="0">
  <testcase classname="com.sellabspractice.ParameterProg" name="ops" time="0.055"/>
  <system-out/>
</testsuite> <!-- com.sellabspractice.ParameterProg -->
